<?xml version="1.0" encoding="UTF-8"?>
<testng-results ignored="0" total="1" passed="1" failed="0" skipped="0">
  <reporter-output>
  </reporter-output>
  <suite started-at="2020-06-25T03:23:32Z" name="Surefire suite" finished-at="2020-06-25T03:23:44Z" duration-ms="11935">
    <groups>
    </groups>
    <test started-at="2020-06-25T03:23:32Z" name="Surefire test" finished-at="2020-06-25T03:23:44Z" duration-ms="11935">
      <class name="testmaven.testmaven.AppTest">
        <test-method signature="test()[pri:0, instance:testmaven.testmaven.AppTest@1da51a35]" started-at="2020-06-25T03:23:32Z" name="test" finished-at="2020-06-25T03:23:44Z" duration-ms="11907" status="PASS">
          <reporter-output>
          </reporter-output>
        </test-method> <!-- test -->
      </class> <!-- testmaven.testmaven.AppTest -->
    </test> <!-- Surefire test -->
  </suite> <!-- Surefire suite -->
</testng-results>
