<?xml version="1.0" encoding="UTF-8"?>
<testng-results ignored="0" total="1" passed="1" failed="0" skipped="0">
  <reporter-output>
  </reporter-output>
  <suite started-at="2020-06-25T04:34:23Z" name="Default suite" finished-at="2020-06-25T04:34:35Z" duration-ms="12683">
    <groups>
    </groups>
    <test started-at="2020-06-25T04:34:23Z" name="Default test" finished-at="2020-06-25T04:34:35Z" duration-ms="12683">
      <class name="testmaven.testmaven.AppTest">
        <test-method signature="test()[pri:0, instance:testmaven.testmaven.AppTest@25641d39]" started-at="2020-06-25T04:34:23Z" name="test" finished-at="2020-06-25T04:34:35Z" duration-ms="12624" status="PASS">
          <reporter-output>
          </reporter-output>
        </test-method> <!-- test -->
      </class> <!-- testmaven.testmaven.AppTest -->
    </test> <!-- Default test -->
  </suite> <!-- Default suite -->
</testng-results>
